<?xml version="1.0" encoding="UTF-8"?>
<!-- Generated by org.testng.reporters.JUnitReportReporter -->
<testsuite skipped="0" hostname="DESKTOP-EM3OVKO" name="com.Remote.RemoteConnection" tests="1" failures="0" timestamp="21 Oct 2022 09:38:24 GMT" time="23.550" errors="0">
  <testcase name="RC1_Test" time="23.550" classname="com.Remote.RemoteConnection"/>
</testsuite> <!-- com.Remote.RemoteConnection -->
