<?xml version="1.0" encoding="UTF-8"?>
<!-- Generated by org.testng.reporters.JUnitReportReporter -->
<testsuite skipped="0" hostname="DESKTOP-EM3OVKO" name="com.Github.Script1Test" tests="3" failures="0" timestamp="03 Sep 2022 07:21:19 GMT" time="0.035" errors="0">
  <testcase name="Sample3_test" time="0.011" classname="com.Github.Script1Test"/>
  <testcase name="Sample2_test" time="0.004" classname="com.Github.Script1Test"/>
  <testcase name="Sample1_test" time="0.020" classname="com.Github.Script1Test"/>
</testsuite> <!-- com.Github.Script1Test -->
