<?xml version="1.0" encoding="UTF-8"?>
<!-- Generated by org.testng.reporters.JUnitReportReporter -->
<testsuite skipped="0" hostname="DESKTOP-EM3OVKO" name="com.Github.Cricbuzz" tests="1" failures="0" timestamp="03 Sep 2022 07:16:25 GMT" time="9.241" errors="0">
  <testcase name="CricBuzz" time="9.241" classname="com.Github.Cricbuzz"/>
</testsuite> <!-- com.Github.Cricbuzz -->
