<?xml version="1.0" encoding="UTF-8"?>
<!-- Generated by org.testng.reporters.JUnitReportReporter -->
<testsuite skipped="0" hostname="DESKTOP-EM3OVKO" name="com.Github.Script2Test" tests="3" failures="0" timestamp="30 Aug 2022 09:29:25 GMT" time="0.000" errors="0">
  <testcase name="Sample4_test" time="0.000" classname="com.Github.Script2Test"/>
  <testcase name="Sample2_test" time="0.000" classname="com.Github.Script2Test"/>
  <testcase name="Sample3_test" time="0.000" classname="com.Github.Script2Test"/>
</testsuite> <!-- com.Github.Script2Test -->
